AUTHENTICATION/:Sql state:00000
AUTHENTICATION/:userId - after fetch:10
AUTHENTICATION/:Returning userId: 10
CREATE_HOTEL/:Creating hotel with user 10 and name Vlad hotel
CREATE_HOTEL/:Added permission with id 6
CREATE_HOTEL/:Preparing permission insert failed
AUTHENTICATION/:Sql state:00000
AUTHENTICATION/:userId - after fetch:10
AUTHENTICATION/:Returning userId: 10
CREATE_HOTEL/:Creating hotel with user 10 and name Vlad hotel
CREATE_HOTEL/:Added permission with id 7
CREATE_HOTEL/:Preparing permission grant insert failed
AUTHENTICATION/:Sql state:00000
AUTHENTICATION/:userId - after fetch:10
AUTHENTICATION/:Returning userId: 10
CREATE_HOTEL/:Creating hotel with user 10 and name Vlad hotel
CREATE_HOTEL/:Added permission with id 8
CREATE_HOTEL/:Granted permissionId 8 to userId 
CREATE_HOTEL/:Preparing permission grant insert failed
AUTHENTICATION/:Sql state:00000
AUTHENTICATION/:userId - after fetch:10
AUTHENTICATION/:Returning userId: 10
CREATE_HOTEL/:Creating hotel with user 10 and name Vlad hotel
CREATE_HOTEL/:Added permission with id 9
CREATE_HOTEL/:Granted permissionId 9 to userId 
CREATE_HOTEL/:Preparing permission grant insert failed
AUTHENTICATION/:Sql state:00000
AUTHENTICATION/:userId - after fetch:10
AUTHENTICATION/:Returning userId: 10
CREATE_HOTEL/:Creating hotel with user 10 and name Vlad hotel
CREATE_HOTEL/:Added permission with id 10
CREATE_HOTEL/:Granted permissionId 10 to userId 
CREATE_HOTEL/:Preparing hotel insert failed
AUTHENTICATION/:Sql state:00000
AUTHENTICATION/:userId - after fetch:10
AUTHENTICATION/:Returning userId: 10
CREATE_HOTEL/:Creating hotel with user 10 and name Vlad hotel
CREATE_HOTEL/:Added permission with id 11
CREATE_HOTEL/:Granted permissionId 11 to userId 
CREATE_HOTEL/:Preparing hotel insert failed
AUTHENTICATION/:Sql state:00000
AUTHENTICATION/:userId - after fetch:10
AUTHENTICATION/:Returning userId: 10
CREATE_HOTEL/:Creating hotel with user 10 and name Vlad hotel
CREATE_HOTEL/:Added permission with id 12
CREATE_HOTEL/:Granted permissionId 12 to userId 
AUTHENTICATION/:Sql state:00000
AUTHENTICATION/:userId - after fetch:10
AUTHENTICATION/:Returning userId: 10
CREATE_HOTEL/:Creating hotel with user 10 and name Vlad hotel
CREATE_HOTEL/:Added permission with id 13
CREATE_HOTEL/:Granted permissionId 13 to userId 10
AUTHENTICATION/:Sql state:00000
AUTHENTICATION/:userId - after fetch:10
AUTHENTICATION/:Returning userId: 10
CREATE_HOTEL/:Creating hotel with user 10 and name Vlad hotel
CREATE_HOTEL/:Added permission with id 14
CREATE_HOTEL/:Granted permissionId 14 to userId 10
CREATE_HOTEL/:Created hotel
AUTHENTICATION/:Sql state:00000
AUTHENTICATION/:userId - after fetch:10
AUTHENTICATION/:Returning userId: 10
CREATE_HOTEL/:Creating hotel with user 10 and name Vlad2 hotel
CREATE_HOTEL/:Added permission with id 15
CREATE_HOTEL/:Granted permissionId 15 to userId 10
CREATE_HOTEL/:Created hotel
AUTHENTICATION/:Sql state:00000
AUTHENTICATION/:userId - after fetch:1
AUTHENTICATION/:Returning userId: 1
AUTHENTICATION/:Sql state:00000
AUTHENTICATION/:userId - after fetch:1
AUTHENTICATION/:Returning userId: 1
AUTHENTICATION/:Sql state:00000
AUTHENTICATION/:userId - after fetch:1
AUTHENTICATION/:Returning userId: 1
AUTHENTICATION/:Sql state:00000
AUTHENTICATION/:userId - after fetch:1
AUTHENTICATION/:Returning userId: 1
AUTHENTICATION/:Sql state:00000
AUTHENTICATION/:userId - after fetch:1
AUTHENTICATION/:Returning userId: 1
AUTHENTICATION/:Sql state:00000
AUTHENTICATION/:userId - after fetch:1
AUTHENTICATION/:Returning userId: 1
AUTHENTICATION/:Sql state:00000
AUTHENTICATION/:userId - after fetch:1
AUTHENTICATION/:Returning userId: 1
AUTHENTICATION/:Sql state:00000
AUTHENTICATION/:userId - after fetch:1
AUTHENTICATION/:Returning userId: 1
AUTHENTICATION/:Sql state:00000
AUTHENTICATION/:userId - after fetch:1
AUTHENTICATION/:Returning userId: 1
AUTHENTICATION/:Sql state:00000
AUTHENTICATION/:userId - after fetch:1
AUTHENTICATION/:Returning userId: 1
AUTHENTICATION/:Sql state:00000
AUTHENTICATION/:userId - after fetch:1
AUTHENTICATION/:Returning userId: 1
AUTHENTICATION/:Sql state:00000
AUTHENTICATION/:userId - after fetch:1
AUTHENTICATION/:Returning userId: 1
AUTHENTICATION/:Sql state:00000
AUTHENTICATION/:userId - after fetch:1
AUTHENTICATION/:Returning userId: 1
AUTHENTICATION/:Sql state:00000
AUTHENTICATION/:userId - after fetch:1
AUTHENTICATION/:Returning userId: 1
AUTHENTICATION/:Sql state:00000
AUTHENTICATION/:userId - after fetch:1
AUTHENTICATION/:Returning userId: 1
AUTHENTICATION/:Sql state:00000
AUTHENTICATION/:userId - after fetch:10
AUTHENTICATION/:Returning userId: 10
AUTHENTICATION/:Sql state:00000
AUTHENTICATION/:userId - after fetch:10
AUTHENTICATION/:Returning userId: 10
AUTHENTICATION/:Sql state:00000
AUTHENTICATION/:userId - after fetch:10
AUTHENTICATION/:Returning userId: 10
CREATE_HOTEL/:Closed token statement
CREATE_HOTEL/:Closed token statement
