[Sat Nov 07 15:55:54.065334 2020] [php7:error] [pid 21139] [client ::1:45648] PHP Fatal error:  Uncaught Error: Call to undefined function mysqli_connect() in /home/iancu/Desktop/PHP/scripts/MySqlConnect.php:5\nStack trace:\n#0 /home/iancu/Desktop/PHP/scripts/auth/AuthenticationRepository.php(14): getMysqliConnection()\n#1 /home/iancu/Desktop/PHP/scripts/auth/AuthenticationRoutes.php(21): register()\n#2 /home/iancu/Desktop/PHP/scripts/Router.php(45): {closure}()\n#3 /home/iancu/Desktop/PHP/scripts/index.php(10): Router->route()\n#4 {main}\n  thrown in /home/iancu/Desktop/PHP/scripts/MySqlConnect.php on line 5
[Sat Nov 07 16:27:57.822273 2020] [php7:warn] [pid 22574] [client ::1:46134] PHP Warning:  require_once(./hotel/HotelIdentityRoutes.php): failed to open stream: No such file or directory in /home/iancu/Desktop/PHP/scripts/index.php on line 3
[Sat Nov 07 16:27:57.822330 2020] [php7:error] [pid 22574] [client ::1:46134] PHP Fatal error:  require_once(): Failed opening required './hotel/HotelIdentityRoutes.php' (include_path='.:/usr/share/php') in /home/iancu/Desktop/PHP/scripts/index.php on line 3
[Sat Nov 07 16:28:37.404928 2020] [php7:warn] [pid 22575] [client ::1:46140] PHP Warning:  require_once(./hotel/identity/HotelIdentityRoutes.php): failed to open stream: No such file or directory in /home/iancu/Desktop/PHP/scripts/index.php on line 3
[Sat Nov 07 16:28:37.404999 2020] [php7:error] [pid 22575] [client ::1:46140] PHP Fatal error:  require_once(): Failed opening required './hotel/identity/HotelIdentityRoutes.php' (include_path='.:/usr/share/php') in /home/iancu/Desktop/PHP/scripts/index.php on line 3
[Sat Nov 07 16:29:14.719173 2020] [php7:warn] [pid 22577] [client ::1:46154] PHP Warning:  require_once(./HotelIdentityRepository.php): failed to open stream: No such file or directory in /home/iancu/Desktop/PHP/scripts/hotel/identity/HotelIdentityRoutes.php on line 3
[Sat Nov 07 16:29:14.719228 2020] [php7:error] [pid 22577] [client ::1:46154] PHP Fatal error:  require_once(): Failed opening required './HotelIdentityRepository.php' (include_path='.:/usr/share/php') in /home/iancu/Desktop/PHP/scripts/hotel/identity/HotelIdentityRoutes.php on line 3
[Sat Nov 07 16:30:02.948109 2020] [php7:error] [pid 22574] [client ::1:46164] PHP Fatal error:  Cannot redeclare error() (previously declared in /home/iancu/Desktop/PHP/scripts/auth/AuthenticationRepository.php:262) in /home/iancu/Desktop/PHP/scripts/hotel/identity/HotelIdentityRepository.php on line 177
[Sat Nov 07 16:33:57.947018 2020] [php7:notice] [pid 22575] [client ::1:46246] PHP Notice:  Undefined variable: rotuer in /home/iancu/Desktop/PHP/scripts/hotel/identity/HotelIdentityRoutes.php on line 41
[Sat Nov 07 16:33:57.947083 2020] [php7:error] [pid 22575] [client ::1:46246] PHP Fatal error:  Uncaught Error: Call to a member function delete() on null in /home/iancu/Desktop/PHP/scripts/hotel/identity/HotelIdentityRoutes.php:41\nStack trace:\n#0 /home/iancu/Desktop/PHP/scripts/index.php(8): addHotelIdentityRoutes()\n#1 {main}\n  thrown in /home/iancu/Desktop/PHP/scripts/hotel/identity/HotelIdentityRoutes.php on line 41
[Sat Nov 07 16:36:42.221275 2020] [php7:error] [pid 22577] [client ::1:46278] PHP Fatal error:  Uncaught Error: Call to undefined function addUiRoutes() in /home/iancu/Desktop/PHP/scripts/index.php:9\nStack trace:\n#0 {main}\n  thrown in /home/iancu/Desktop/PHP/scripts/index.php on line 9
[Sat Nov 07 16:37:07.046579 2020] [php7:notice] [pid 22574] [client ::1:46284] PHP Notice:  Undefined variable: authorize in /home/iancu/Desktop/PHP/scripts/Router.php on line 36
[Sat Nov 07 16:37:07.046639 2020] [php7:error] [pid 22574] [client ::1:46284] PHP Fatal error:  Uncaught Error: Function name must be a string in /home/iancu/Desktop/PHP/scripts/Router.php:36\nStack trace:\n#0 /home/iancu/Desktop/PHP/scripts/index.php(9): Router->route()\n#1 {main}\n  thrown in /home/iancu/Desktop/PHP/scripts/Router.php on line 36
[Sat Nov 07 16:41:52.812601 2020] [php7:notice] [pid 22575] [client ::1:46374] PHP Notice:  Undefined variable: authorize in /home/iancu/Desktop/PHP/scripts/Router.php on line 36
[Sat Nov 07 16:41:52.812707 2020] [php7:error] [pid 22575] [client ::1:46374] PHP Fatal error:  Uncaught Error: Method name must be a string in /home/iancu/Desktop/PHP/scripts/Router.php:36\nStack trace:\n#0 /home/iancu/Desktop/PHP/scripts/index.php(9): Router->route()\n#1 {main}\n  thrown in /home/iancu/Desktop/PHP/scripts/Router.php on line 36
[Sat Nov 07 16:51:37.166235 2020] [php7:error] [pid 22577] [client ::1:46556] PHP Fatal error:  Uncaught Error: Call to undefined function createHotel() in /home/iancu/Desktop/PHP/scripts/hotel/identity/HotelIdentityRoutes.php:20\nStack trace:\n#0 /home/iancu/Desktop/PHP/scripts/Router.php(36): {closure}()\n#1 /home/iancu/Desktop/PHP/scripts/index.php(9): Router->route()\n#2 {main}\n  thrown in /home/iancu/Desktop/PHP/scripts/hotel/identity/HotelIdentityRoutes.php on line 20
[Sat Nov 07 16:55:45.903128 2020] [php7:error] [pid 22574] [client ::1:46618] PHP Fatal error:  Uncaught Error: Call to undefined function addHotelIdentityRoutes() in /home/iancu/Desktop/PHP/scripts/index.php:8\nStack trace:\n#0 {main}\n  thrown in /home/iancu/Desktop/PHP/scripts/index.php on line 8
[Sat Nov 07 16:59:44.400191 2020] [php7:warn] [pid 22575] [client ::1:46672] PHP Warning:  file_put_contents(./logs/info.log): failed to open stream: Permission denied in /home/iancu/Desktop/PHP/scripts/Log.php on line 5
[Sat Nov 07 16:59:44.402540 2020] [php7:notice] [pid 22575] [client ::1:46672] PHP Notice:  Undefined variable: msg in /home/iancu/Desktop/PHP/scripts/hotel/identity/HotelIdentityRepository.php on line 183
[Sat Nov 07 17:00:59.086069 2020] [php7:warn] [pid 22577] [client ::1:46696] PHP Warning:  file_put_contents(./logs/info.log): failed to open stream: Permission denied in /home/iancu/Desktop/PHP/scripts/Log.php on line 5
[Sat Nov 07 17:35:36.755399 2020] [php7:warn] [pid 22574] [client ::1:46826] PHP Warning:  file_put_contents(./logs/info.log): failed to open stream: Permission denied in /home/iancu/Desktop/PHP/scripts/Log.php on line 5
[Sat Nov 07 18:14:14.060505 2020] [proxy_fcgi:error] [pid 32309:tid 139943004460800] [client ::1:47876] malformed header from script 'index.php': Bad header: {"status":"error","message":"A
[Sat Nov 07 18:14:14.060619 2020] [proxy_fcgi:error] [pid 32309:tid 139943004460800] [client ::1:47876] AH01070: Error parsing script headers
[Sat Nov 07 18:14:14.060626 2020] [proxy_fcgi:error] [pid 32309:tid 139943004460800] (22)Invalid argument: [client ::1:47876] AH01075: Error dispatching request to :5223: 
[Sat Nov 07 19:19:48.879559 2020] [php7:notice] [pid 35693] [client ::1:48394] PHP Notice:  Undefined index: Authorization in /home/iancu/Desktop/PHP/scripts/auth/AuthenticationRepository.php on line 275
[Sat Nov 07 19:20:09.522984 2020] [php7:notice] [pid 35692] [client ::1:48406] PHP Notice:  Undefined index: Authorization in /home/iancu/Desktop/PHP/scripts/auth/AuthenticationRepository.php on line 275
[Sat Nov 07 19:20:45.981326 2020] [php7:notice] [pid 35689] [client ::1:48418] PHP Notice:  Undefined index: Authorization in /home/iancu/Desktop/PHP/scripts/auth/AuthenticationRepository.php on line 275
[Sat Nov 07 19:21:50.517812 2020] [php7:notice] [pid 35690] [client ::1:48432] PHP Notice:  Undefined index: HTTP_Authorization in /home/iancu/Desktop/PHP/scripts/auth/AuthenticationRepository.php on line 275
[Sat Nov 07 19:22:41.805808 2020] [php7:notice] [pid 35691] [client ::1:48446] PHP Notice:  Undefined index: HTTP_AUTHORIZATION in /home/iancu/Desktop/PHP/scripts/auth/AuthenticationRepository.php on line 275
[Sat Nov 07 20:06:20.696033 2020] [php7:notice] [pid 39694] [client ::1:49268] PHP Notice:  Array to string conversion in /home/iancu/Desktop/PHP/scripts/auth/AuthenticationRepository.php on line 276
[Sat Nov 07 20:06:20.697647 2020] [php7:notice] [pid 39694] [client ::1:49268] PHP Notice:  Array to string conversion in /home/iancu/Desktop/PHP/scripts/auth/AuthenticationRepository.php on line 300
[Sat Nov 07 20:23:16.792464 2020] [php7:warn] [pid 40379] [client ::1:49530] PHP Warning:  mysqli_close() expects exactly 1 parameter, 0 given in /home/iancu/Desktop/PHP/scripts/auth/AuthenticationRepository.php on line 328
[Sat Nov 07 21:45:50.702952 2020] [php7:warn] [pid 42900] [client ::1:50394] PHP Warning:  mysqli_stmt_bind_param(): Number of variables doesn't match number of parameters in prepared statement in /home/iancu/Desktop/PHP/scripts/auth/AuthenticationRepository.php on line 288
[Sat Nov 07 21:47:27.643113 2020] [php7:warn] [pid 42972] [client ::1:50410] PHP Warning:  mysqli_stmt_bind_param(): Number of variables doesn't match number of parameters in prepared statement in /home/iancu/Desktop/PHP/scripts/auth/AuthenticationRepository.php on line 288
[Sat Nov 07 22:24:54.199626 2020] [php7:warn] [pid 44912] [client ::1:52152] PHP Warning:  error(): Couldn't fetch mysqli in /home/iancu/Desktop/PHP/scripts/auth/AuthenticationRepository.php on line 269
[Sat Nov 07 22:25:58.782937 2020] [php7:warn] [pid 44979] [client ::1:52186] PHP Warning:  error(): Couldn't fetch mysqli in /home/iancu/Desktop/PHP/scripts/auth/AuthenticationRepository.php on line 269
[Sat Nov 07 22:26:05.751681 2020] [php7:warn] [pid 44987] [client ::1:52192] PHP Warning:  error(): Couldn't fetch mysqli in /home/iancu/Desktop/PHP/scripts/auth/AuthenticationRepository.php on line 269
[Sat Nov 07 22:28:15.422171 2020] [php7:warn] [pid 45066] [client ::1:52212] PHP Warning:  error(): Couldn't fetch mysqli in /home/iancu/Desktop/PHP/scripts/auth/AuthenticationRepository.php on line 271
[Sat Nov 07 22:28:58.109416 2020] [php7:warn] [pid 45099] [client ::1:52224] PHP Warning:  error(): Couldn't fetch mysqli in /home/iancu/Desktop/PHP/scripts/auth/AuthenticationRepository.php on line 271
[Sat Nov 07 22:29:21.636970 2020] [php7:warn] [pid 45122] [client ::1:52232] PHP Warning:  error(): Couldn't fetch mysqli in /home/iancu/Desktop/PHP/scripts/auth/AuthenticationRepository.php on line 271
[Sat Nov 07 22:32:11.226874 2020] [php7:warn] [pid 45275] [client ::1:52348] PHP Warning:  sha1() expects at most 2 parameters, 3 given in /home/iancu/Desktop/PHP/scripts/auth/AuthenticationRepository.php on line 325
[Sat Nov 07 22:32:11.226960 2020] [php7:warn] [pid 45275] [client ::1:52348] PHP Warning:  substr() expects at least 2 parameters, 1 given in /home/iancu/Desktop/PHP/scripts/auth/AuthenticationRepository.php on line 325
[Sat Nov 07 22:32:11.226971 2020] [php7:warn] [pid 45275] [client ::1:52348] PHP Warning:  sha1() expects at most 2 parameters, 3 given in /home/iancu/Desktop/PHP/scripts/auth/AuthenticationRepository.php on line 325
[Sat Nov 07 22:32:11.226979 2020] [php7:warn] [pid 45275] [client ::1:52348] PHP Warning:  substr() expects at least 2 parameters, 1 given in /home/iancu/Desktop/PHP/scripts/auth/AuthenticationRepository.php on line 325
[Sat Nov 07 22:32:11.230753 2020] [php7:warn] [pid 45275] [client ::1:52348] PHP Warning:  error(): Couldn't fetch mysqli in /home/iancu/Desktop/PHP/scripts/auth/AuthenticationRepository.php on line 271
[Sat Nov 07 23:57:40.220617 2020] [php7:error] [pid 46702] [client ::1:52712] PHP Fatal error:  Uncaught TypeError: Argument 1 passed to Hotel\\error() must be an instance of Hotel\\mysqli, instance of mysqli given, called in /home/iancu/Desktop/PHP/scripts/hotel/identity/HotelIdentityRepository.php on line 18 and defined in /home/iancu/Desktop/PHP/scripts/hotel/identity/HotelIdentityRepository.php:173\nStack trace:\n#0 /home/iancu/Desktop/PHP/scripts/hotel/identity/HotelIdentityRepository.php(18): Hotel\\error()\n#1 /home/iancu/Desktop/PHP/scripts/hotel/identity/HotelIdentityRoutes.php(23): Hotel\\createHotel()\n#2 /home/iancu/Desktop/PHP/scripts/Router.php(36): {closure}()\n#3 /home/iancu/Desktop/PHP/scripts/index.php(9): Router->route()\n#4 {main}\n  thrown in /home/iancu/Desktop/PHP/scripts/hotel/identity/HotelIdentityRepository.php on line 173
[Sat Nov 07 23:58:25.308668 2020] [php7:warn] [pid 46754] [client ::1:52722] PHP Warning:  Hotel\\error(): Couldn't fetch mysqli in /home/iancu/Desktop/PHP/scripts/hotel/identity/HotelIdentityRepository.php on line 178
[Sun Nov 08 00:10:30.648674 2020] [php7:error] [pid 47369] [client ::1:52812] PHP Fatal error:  Uncaught Error: Call to undefined function Hotel\\createHotel() in /home/iancu/Desktop/PHP/scripts/hotel/identity/HotelIdentityRoutes.php:23\nStack trace:\n#0 /home/iancu/Desktop/PHP/scripts/Router.php(36): {closure}()\n#1 /home/iancu/Desktop/PHP/scripts/index.php(9): Router->route()\n#2 {main}\n  thrown in /home/iancu/Desktop/PHP/scripts/hotel/identity/HotelIdentityRoutes.php on line 23
[Sun Nov 08 00:11:51.517921 2020] [php7:error] [pid 47445] [client ::1:52830] PHP Fatal error:  Uncaught ArgumentCountError: Too few arguments to function error(), 1 passed in /home/iancu/Desktop/PHP/scripts/hotel/identity/HotelIdentityRepository.php on line 19 and at least 2 expected in /home/iancu/Desktop/PHP/scripts/auth/AuthenticationRepository.php:265\nStack trace:\n#0 /home/iancu/Desktop/PHP/scripts/hotel/identity/HotelIdentityRepository.php(19): error()\n#1 /home/iancu/Desktop/PHP/scripts/hotel/identity/HotelIdentityRoutes.php(22): createHotel()\n#2 /home/iancu/Desktop/PHP/scripts/Router.php(36): {closure}()\n#3 /home/iancu/Desktop/PHP/scripts/index.php(9): Router->route()\n#4 {main}\n  thrown in /home/iancu/Desktop/PHP/scripts/auth/AuthenticationRepository.php on line 265
[Sun Nov 08 01:15:36.040451 2020] [php7:warn] [pid 4614] [client ::1:58990] PHP Warning:  error(): Couldn't fetch mysqli in /home/iancu/Desktop/PHP/scripts/auth/AuthenticationRepository.php on line 271
[Sun Nov 08 01:16:53.321211 2020] [php7:warn] [pid 4679] [client ::1:59004] PHP Warning:  error(): Couldn't fetch mysqli in /home/iancu/Desktop/PHP/scripts/auth/AuthenticationRepository.php on line 271
[Sun Nov 08 01:31:20.815928 2020] [php7:warn] [pid 5331] [client ::1:59332] PHP Warning:  mysqli_stmt_bind_param() expects parameter 1 to be mysqli_stmt, object given in /home/iancu/Desktop/PHP/scripts/hotel/identity/HotelIdentityRepository.php on line 22
[Sun Nov 08 01:31:20.817282 2020] [php7:warn] [pid 5331] [client ::1:59332] PHP Warning:  error(): Couldn't fetch mysqli in /home/iancu/Desktop/PHP/scripts/auth/AuthenticationRepository.php on line 271
[Sun Nov 08 01:34:42.821397 2020] [php7:warn] [pid 5450] [client ::1:59358] PHP Warning:  mysqli_stmt_bind_param() expects parameter 1 to be mysqli_stmt, object given in /home/iancu/Desktop/PHP/scripts/hotel/identity/HotelIdentityRepository.php on line 22
[Sun Nov 08 01:34:42.821888 2020] [php7:warn] [pid 5450] [client ::1:59358] PHP Warning:  error(): Couldn't fetch mysqli in /home/iancu/Desktop/PHP/scripts/auth/AuthenticationRepository.php on line 271
[Sun Nov 08 01:37:18.718177 2020] [php7:warn] [pid 5523] [client ::1:59376] PHP Warning:  mysqli_stmt_bind_param() expects parameter 1 to be mysqli_stmt, object given in /home/iancu/Desktop/PHP/scripts/hotel/identity/HotelIdentityRepository.php on line 22
[Sun Nov 08 01:37:18.718633 2020] [php7:warn] [pid 5523] [client ::1:59376] PHP Warning:  error(): Couldn't fetch mysqli in /home/iancu/Desktop/PHP/scripts/auth/AuthenticationRepository.php on line 271
[Sun Nov 08 01:38:11.689931 2020] [php7:notice] [pid 5573] [client ::1:59388] PHP Notice:  Undefined variable: sql in /home/iancu/Desktop/PHP/scripts/hotel/identity/HotelIdentityRepository.php on line 44
[Sun Nov 08 01:38:11.692942 2020] [php7:warn] [pid 5573] [client ::1:59388] PHP Warning:  error(): Couldn't fetch mysqli in /home/iancu/Desktop/PHP/scripts/auth/AuthenticationRepository.php on line 271
[Sun Nov 08 02:03:46.575984 2020] [php7:warn] [pid 6221] [client ::1:59486] PHP Warning:  error(): Couldn't fetch mysqli in /home/iancu/Desktop/PHP/scripts/auth/AuthenticationRepository.php on line 271
[Sun Nov 08 02:05:29.490222 2020] [php7:warn] [pid 6299] [client ::1:59502] PHP Warning:  error(): Couldn't fetch mysqli in /home/iancu/Desktop/PHP/scripts/auth/AuthenticationRepository.php on line 271
[Sun Nov 08 02:09:28.397864 2020] [php7:warn] [pid 6660] [client ::1:59724] PHP Warning:  error(): Couldn't fetch mysqli in /home/iancu/Desktop/PHP/scripts/auth/AuthenticationRepository.php on line 271
[Sun Nov 08 02:10:18.003836 2020] [php7:notice] [pid 6729] [client ::1:59736] PHP Notice:  Undefined variable: userId in /home/iancu/Desktop/PHP/scripts/hotel/identity/HotelIdentityRepository.php on line 61
[Sun Nov 08 02:10:18.008140 2020] [php7:warn] [pid 6729] [client ::1:59736] PHP Warning:  error(): Couldn't fetch mysqli in /home/iancu/Desktop/PHP/scripts/auth/AuthenticationRepository.php on line 271
[Sun Nov 08 02:40:49.365315 2020] [php7:notice] [pid 7309] [client ::1:59820] PHP Notice:  Undefined variable: userId in /home/iancu/Desktop/PHP/scripts/hotel/identity/HotelIdentityRepository.php on line 61
[Sun Nov 08 02:40:49.370649 2020] [php7:warn] [pid 7309] [client ::1:59820] PHP Warning:  error(): Couldn't fetch mysqli in /home/iancu/Desktop/PHP/scripts/auth/AuthenticationRepository.php on line 271
[Sun Nov 08 02:41:03.857411 2020] [php7:notice] [pid 7347] [client ::1:59828] PHP Notice:  Undefined variable: userId in /home/iancu/Desktop/PHP/scripts/hotel/identity/HotelIdentityRepository.php on line 61
[Sun Nov 08 02:41:03.860315 2020] [php7:warn] [pid 7347] [client ::1:59828] PHP Warning:  error(): Couldn't fetch mysqli in /home/iancu/Desktop/PHP/scripts/auth/AuthenticationRepository.php on line 271
[Sun Nov 08 02:41:38.479614 2020] [php7:notice] [pid 7386] [client ::1:59840] PHP Notice:  Undefined variable: userId in /home/iancu/Desktop/PHP/scripts/hotel/identity/HotelIdentityRepository.php on line 61
[Sun Nov 08 02:41:38.482720 2020] [php7:warn] [pid 7386] [client ::1:59840] PHP Warning:  error(): Couldn't fetch mysqli in /home/iancu/Desktop/PHP/scripts/auth/AuthenticationRepository.php on line 271
[Sun Nov 08 02:44:21.649849 2020] [php7:notice] [pid 7481] [client ::1:59894] PHP Notice:  Undefined variable: userId in /home/iancu/Desktop/PHP/scripts/hotel/identity/HotelIdentityRepository.php on line 61
[Sun Nov 08 02:44:21.651511 2020] [php7:notice] [pid 7481] [client ::1:59894] PHP Notice:  Undefined variable: stmt in /home/iancu/Desktop/PHP/scripts/hotel/identity/HotelIdentityRepository.php on line 80
[Sun Nov 08 02:44:21.651553 2020] [php7:warn] [pid 7481] [client ::1:59894] PHP Warning:  mysqli_stmt_close() expects parameter 1 to be mysqli_stmt, null given in /home/iancu/Desktop/PHP/scripts/hotel/identity/HotelIdentityRepository.php on line 80
[Sun Nov 08 02:44:21.655287 2020] [php7:warn] [pid 7481] [client ::1:59894] PHP Warning:  error(): Couldn't fetch mysqli in /home/iancu/Desktop/PHP/scripts/auth/AuthenticationRepository.php on line 271
[Sun Nov 08 02:47:28.778287 2020] [php7:notice] [pid 7565] [client ::1:59916] PHP Notice:  Undefined variable: stmt in /home/iancu/Desktop/PHP/scripts/hotel/identity/HotelIdentityRepository.php on line 80
[Sun Nov 08 02:47:28.778385 2020] [php7:warn] [pid 7565] [client ::1:59916] PHP Warning:  mysqli_stmt_close() expects parameter 1 to be mysqli_stmt, null given in /home/iancu/Desktop/PHP/scripts/hotel/identity/HotelIdentityRepository.php on line 80
[Sun Nov 08 02:47:28.782904 2020] [php7:warn] [pid 7565] [client ::1:59916] PHP Warning:  error(): Couldn't fetch mysqli in /home/iancu/Desktop/PHP/scripts/auth/AuthenticationRepository.php on line 271
[Mon Nov 09 22:13:29.170150 2020] [php7:warn] [pid 5179] [client 127.0.0.1:34802] PHP Warning:  mysqli_stmt_bind_param() expects parameter 1 to be mysqli_stmt, object given in /home/iancu/Desktop/PHP/scripts/index.php on line 15
[Mon Nov 09 22:13:29.269379 2020] [php7:warn] [pid 5179] [client 127.0.0.1:34802] PHP Warning:  mysqli_stmt_bind_param() expects parameter 1 to be mysqli_stmt, object given in /home/iancu/Desktop/PHP/scripts/index.php on line 15, referer: http://localhost:5223/
[Mon Nov 09 22:13:40.681386 2020] [php7:warn] [pid 5229] [client 127.0.0.1:34808] PHP Warning:  mysqli_stmt_bind_param() expects parameter 1 to be mysqli_stmt, object given in /home/iancu/Desktop/PHP/scripts/index.php on line 15
[Mon Nov 09 22:16:22.570953 2020] [php7:warn] [pid 5352] [client 127.0.0.1:34862] PHP Warning:  mysqli_stmt_bind_param() expects parameter 1 to be mysqli_stmt, object given in /home/iancu/Desktop/PHP/scripts/index.php on line 15
[Tue Nov 10 00:03:52.842753 2020] [php7:notice] [pid 7308] [client 127.0.0.1:35396] PHP Notice:  Undefined variable: result in /home/iancu/Desktop/PHP/scripts/Sql.php on line 12
[Tue Nov 10 00:03:52.842842 2020] [php7:warn] [pid 7308] [client 127.0.0.1:35396] PHP Warning:  mysqli_fetch_assoc() expects parameter 1 to be mysqli_result, null given in /home/iancu/Desktop/PHP/scripts/Sql.php on line 12
[Tue Nov 10 00:03:52.842854 2020] [php7:notice] [pid 7308] [client 127.0.0.1:35396] PHP Notice:  Undefined variable: stmt in /home/iancu/Desktop/PHP/scripts/Sql.php on line 16
[Tue Nov 10 00:03:52.842863 2020] [php7:warn] [pid 7308] [client 127.0.0.1:35396] PHP Warning:  mysqli_stmt_close() expects parameter 1 to be mysqli_stmt, null given in /home/iancu/Desktop/PHP/scripts/Sql.php on line 16
[Tue Nov 10 00:08:01.482789 2020] [php7:error] [pid 7416] [client 127.0.0.1:35420] PHP Fatal error:  Uncaught Error: Call to a member function next() on string in /home/iancu/Desktop/PHP/scripts/index.php:24\nStack trace:\n#0 {main}\n  thrown in /home/iancu/Desktop/PHP/scripts/index.php on line 24
[Tue Nov 10 00:09:12.477258 2020] [php7:error] [pid 7535] [client 127.0.0.1:35432] PHP Fatal error:  Uncaught Error: Call to a member function next() on string in /home/iancu/Desktop/PHP/scripts/index.php:24\nStack trace:\n#0 {main}\n  thrown in /home/iancu/Desktop/PHP/scripts/index.php on line 24
[Tue Nov 10 00:12:17.196964 2020] [php7:warn] [pid 7602] [client 127.0.0.1:35452] PHP Warning:  mysqli_stmt_bind_param(): Invalid type or no types specified in /home/iancu/Desktop/PHP/scripts/Sql.php on line 42
[Tue Nov 10 00:12:51.917822 2020] [php7:warn] [pid 7627] [client 127.0.0.1:35458] PHP Warning:  mysqli_fetch_assoc() expects parameter 1 to be mysqli_result, bool given in /home/iancu/Desktop/PHP/scripts/Sql.php on line 12
[Tue Nov 10 00:12:52.094791 2020] [php7:warn] [pid 7627] [client 127.0.0.1:35458] PHP Warning:  mysqli_fetch_assoc() expects parameter 1 to be mysqli_result, bool given in /home/iancu/Desktop/PHP/scripts/Sql.php on line 12
[Tue Nov 10 00:12:53.581735 2020] [php7:warn] [pid 7627] [client 127.0.0.1:35458] PHP Warning:  mysqli_fetch_assoc() expects parameter 1 to be mysqli_result, bool given in /home/iancu/Desktop/PHP/scripts/Sql.php on line 12
[Tue Nov 10 00:14:20.413899 2020] [php7:warn] [pid 7683] [client 127.0.0.1:35474] PHP Warning:  mysqli_fetch_assoc() expects parameter 1 to be mysqli_result, bool given in /home/iancu/Desktop/PHP/scripts/Sql.php on line 12
[Tue Nov 10 00:15:26.133955 2020] [php7:warn] [pid 7727] [client 127.0.0.1:35486] PHP Warning:  mysqli_fetch_assoc() expects parameter 1 to be mysqli_result, bool given in /home/iancu/Desktop/PHP/scripts/Sql.php on line 12
[Tue Nov 10 00:26:48.355790 2020] [php7:warn] [pid 8335] [client ::1:41636] PHP Warning:  Use of undefined constant body - assumed 'body' (this will throw an Error in a future version of PHP) in /home/iancu/Desktop/PHP/scripts/hotel/identity/HotelIdentityRoutes.php on line 29
[Tue Nov 10 00:26:48.355846 2020] [php7:warn] [pid 8335] [client ::1:41636] PHP Warning:  Use of undefined constant body - assumed 'body' (this will throw an Error in a future version of PHP) in /home/iancu/Desktop/PHP/scripts/hotel/identity/HotelIdentityRoutes.php on line 33
[Tue Nov 10 00:27:29.810627 2020] [php7:warn] [pid 8359] [client ::1:41646] PHP Warning:  Use of undefined constant body - assumed 'body' (this will throw an Error in a future version of PHP) in /home/iancu/Desktop/PHP/scripts/hotel/identity/HotelIdentityRoutes.php on line 29
[Tue Nov 10 00:27:29.810672 2020] [php7:warn] [pid 8359] [client ::1:41646] PHP Warning:  Use of undefined constant body - assumed 'body' (this will throw an Error in a future version of PHP) in /home/iancu/Desktop/PHP/scripts/hotel/identity/HotelIdentityRoutes.php on line 33
[Tue Nov 10 00:27:44.422978 2020] [php7:warn] [pid 8376] [client ::1:41654] PHP Warning:  Use of undefined constant body - assumed 'body' (this will throw an Error in a future version of PHP) in /home/iancu/Desktop/PHP/scripts/hotel/identity/HotelIdentityRoutes.php on line 29
[Tue Nov 10 00:27:44.423014 2020] [php7:warn] [pid 8376] [client ::1:41654] PHP Warning:  Use of undefined constant body - assumed 'body' (this will throw an Error in a future version of PHP) in /home/iancu/Desktop/PHP/scripts/hotel/identity/HotelIdentityRoutes.php on line 33
[Tue Nov 10 00:28:13.346991 2020] [php7:warn] [pid 8416] [client ::1:41700] PHP Warning:  Use of undefined constant body - assumed 'body' (this will throw an Error in a future version of PHP) in /home/iancu/Desktop/PHP/scripts/hotel/identity/HotelIdentityRoutes.php on line 29
[Tue Nov 10 00:28:13.347043 2020] [php7:warn] [pid 8416] [client ::1:41700] PHP Warning:  Use of undefined constant body - assumed 'body' (this will throw an Error in a future version of PHP) in /home/iancu/Desktop/PHP/scripts/hotel/identity/HotelIdentityRoutes.php on line 33
[Tue Nov 10 00:28:15.754888 2020] [php7:warn] [pid 8420] [client ::1:41706] PHP Warning:  Use of undefined constant body - assumed 'body' (this will throw an Error in a future version of PHP) in /home/iancu/Desktop/PHP/scripts/hotel/identity/HotelIdentityRoutes.php on line 29
[Tue Nov 10 00:28:15.754927 2020] [php7:warn] [pid 8420] [client ::1:41706] PHP Warning:  Use of undefined constant body - assumed 'body' (this will throw an Error in a future version of PHP) in /home/iancu/Desktop/PHP/scripts/hotel/identity/HotelIdentityRoutes.php on line 33
[Tue Nov 10 00:28:26.785923 2020] [php7:warn] [pid 8435] [client ::1:41714] PHP Warning:  Use of undefined constant body - assumed 'body' (this will throw an Error in a future version of PHP) in /home/iancu/Desktop/PHP/scripts/hotel/identity/HotelIdentityRoutes.php on line 29
[Tue Nov 10 00:28:26.785963 2020] [php7:warn] [pid 8435] [client ::1:41714] PHP Warning:  Use of undefined constant body - assumed 'body' (this will throw an Error in a future version of PHP) in /home/iancu/Desktop/PHP/scripts/hotel/identity/HotelIdentityRoutes.php on line 33
[Tue Nov 10 00:30:44.072667 2020] [php7:warn] [pid 8539] [client ::1:41746] PHP Warning:  mysqli_stmt_bind_param() expects parameter 1 to be mysqli_stmt, bool given in /home/iancu/Desktop/PHP/scripts/hotel/identity/HotelIdentityRepository.php on line 116
[Tue Nov 10 00:30:44.072752 2020] [php7:warn] [pid 8539] [client ::1:41746] PHP Warning:  mysqli_stmt_execute() expects parameter 1 to be mysqli_stmt, bool given in /home/iancu/Desktop/PHP/scripts/hotel/identity/HotelIdentityRepository.php on line 117
[Tue Nov 10 00:30:44.073194 2020] [php7:warn] [pid 8539] [client ::1:41746] PHP Warning:  error(): Couldn't fetch mysqli in /home/iancu/Desktop/PHP/scripts/auth/AuthenticationRepository.php on line 271
[Tue Nov 10 00:31:37.929875 2020] [php7:warn] [pid 8568] [client ::1:41756] PHP Warning:  mysqli_stmt_bind_param() expects parameter 1 to be mysqli_stmt, bool given in /home/iancu/Desktop/PHP/scripts/hotel/identity/HotelIdentityRepository.php on line 116
[Tue Nov 10 00:31:37.929938 2020] [php7:warn] [pid 8568] [client ::1:41756] PHP Warning:  mysqli_stmt_execute() expects parameter 1 to be mysqli_stmt, bool given in /home/iancu/Desktop/PHP/scripts/hotel/identity/HotelIdentityRepository.php on line 117
[Tue Nov 10 00:31:37.930391 2020] [php7:warn] [pid 8568] [client ::1:41756] PHP Warning:  error(): Couldn't fetch mysqli in /home/iancu/Desktop/PHP/scripts/auth/AuthenticationRepository.php on line 271
[Tue Nov 10 00:33:27.983000 2020] [php7:notice] [pid 8624] [client ::1:41774] PHP Notice:  Undefined variable: resultUser in /home/iancu/Desktop/PHP/scripts/hotel/identity/HotelIdentityRepository.php on line 120
[Tue Nov 10 00:33:27.983167 2020] [php7:warn] [pid 8624] [client ::1:41774] PHP Warning:  mysqli_stmt_bind_result() expects parameter 1 to be mysqli_stmt, null given in /home/iancu/Desktop/PHP/scripts/hotel/identity/HotelIdentityRepository.php on line 120
[Tue Nov 10 00:33:27.983199 2020] [php7:warn] [pid 8624] [client ::1:41774] PHP Warning:  mysqli_stmt_fetch(): Couldn't fetch mysqli_stmt in /home/iancu/Desktop/PHP/scripts/hotel/identity/HotelIdentityRepository.php on line 121
[Tue Nov 10 00:33:27.983295 2020] [php7:warn] [pid 8624] [client ::1:41774] PHP Warning:  error(): Couldn't fetch mysqli in /home/iancu/Desktop/PHP/scripts/auth/AuthenticationRepository.php on line 271
[Tue Nov 10 00:34:31.154274 2020] [php7:notice] [pid 8675] [client ::1:41784] PHP Notice:  Undefined variable: resultUser in /home/iancu/Desktop/PHP/scripts/hotel/identity/HotelIdentityRepository.php on line 120
[Tue Nov 10 00:34:31.154393 2020] [php7:warn] [pid 8675] [client ::1:41784] PHP Warning:  mysqli_stmt_bind_result() expects parameter 1 to be mysqli_stmt, null given in /home/iancu/Desktop/PHP/scripts/hotel/identity/HotelIdentityRepository.php on line 120
[Tue Nov 10 00:34:31.154766 2020] [php7:warn] [pid 8675] [client ::1:41784] PHP Warning:  error(): Couldn't fetch mysqli in /home/iancu/Desktop/PHP/scripts/auth/AuthenticationRepository.php on line 271
[Tue Nov 10 00:35:42.249136 2020] [php7:warn] [pid 8716] [client ::1:41800] PHP Warning:  mysqli_stmt_bind_result() expects parameter 1 to be mysqli_stmt, null given in /home/iancu/Desktop/PHP/scripts/hotel/identity/HotelIdentityRepository.php on line 122
[Tue Nov 10 00:35:42.249467 2020] [php7:warn] [pid 8716] [client ::1:41800] PHP Warning:  error(): Couldn't fetch mysqli in /home/iancu/Desktop/PHP/scripts/auth/AuthenticationRepository.php on line 271
[Tue Nov 10 00:36:24.332585 2020] [php7:warn] [pid 8751] [client ::1:41812] PHP Warning:  error(): Couldn't fetch mysqli in /home/iancu/Desktop/PHP/scripts/auth/AuthenticationRepository.php on line 271
[Tue Nov 10 00:37:03.699223 2020] [php7:warn] [pid 8775] [client ::1:41824] PHP Warning:  error(): Couldn't fetch mysqli in /home/iancu/Desktop/PHP/scripts/auth/AuthenticationRepository.php on line 271
[Tue Nov 10 00:38:31.265675 2020] [php7:warn] [pid 8823] [client ::1:41834] PHP Warning:  error(): Couldn't fetch mysqli in /home/iancu/Desktop/PHP/scripts/auth/AuthenticationRepository.php on line 271
[Tue Nov 10 00:41:23.419919 2020] [php7:warn] [pid 8971] [client ::1:41850] PHP Warning:  mysqli_stmt_bind_param() expects parameter 1 to be mysqli_stmt, bool given in /home/iancu/Desktop/PHP/scripts/hotel/identity/HotelIdentityRepository.php on line 130
[Tue Nov 10 00:41:23.420026 2020] [php7:warn] [pid 8971] [client ::1:41850] PHP Warning:  mysqli_stmt_execute() expects parameter 1 to be mysqli_stmt, bool given in /home/iancu/Desktop/PHP/scripts/hotel/identity/HotelIdentityRepository.php on line 131
[Tue Nov 10 00:41:23.420427 2020] [php7:warn] [pid 8971] [client ::1:41850] PHP Warning:  error(): Couldn't fetch mysqli in /home/iancu/Desktop/PHP/scripts/auth/AuthenticationRepository.php on line 271
[Wed Nov 11 00:54:57.047804 2020] [http:error] [pid 10368] [client ::1:53438] AH02429: Response header name 'Access-Control-Allow-Methods"' contains invalid characters, aborting request, referer: http://localhost:5224/
[Wed Nov 11 00:55:28.110307 2020] [http:error] [pid 10382] [client ::1:53692] AH02429: Response header name 'Access-Control-Allow-Methods"' contains invalid characters, aborting request, referer: http://localhost:5224/
[Wed Nov 11 01:00:53.617707 2020] [php7:warn] [pid 10700] [client ::1:56224] PHP Warning:  error(): Couldn't fetch mysqli in /home/iancu/Desktop/PHP/scripts/auth/AuthenticationRepository.php on line 271, referer: http://localhost:5224/
[Wed Nov 11 01:00:57.752810 2020] [php7:warn] [pid 10704] [client ::1:56316] PHP Warning:  error(): Couldn't fetch mysqli in /home/iancu/Desktop/PHP/scripts/auth/AuthenticationRepository.php on line 271, referer: http://localhost:5224/
